INFO [2018-08-22 08:57:41] [[1]]
INFO [2018-08-22 08:57:41] list(rownames(fxn_df_bin_bac[which(apply(fxn_df_bin_bac, 1, sum) > 
INFO [2018-08-22 08:57:41]     dim(fxn_df_bin_bac)[2] * 0.95), ]), rownames(fxn_df_bin_staph[which(apply(fxn_df_bin_staph, 
INFO [2018-08-22 08:57:41]     1, sum) > dim(fxn_df_bin_staph)[2] * 0.95), ]))
INFO [2018-08-22 08:57:41] 
INFO [2018-08-22 08:57:41] $category.names
INFO [2018-08-22 08:57:41] c("B. cereus", "S. aureus")
INFO [2018-08-22 08:57:41] 
INFO [2018-08-22 08:57:41] $filename
INFO [2018-08-22 08:57:41] [1] "pangenomes_ad-hoc/R_files/taxon_overlaps/fxn_overlap_core.png"
INFO [2018-08-22 08:57:41] 
INFO [2018-08-22 08:57:41] $fill
INFO [2018-08-22 08:57:41] c("blue", "red")
INFO [2018-08-22 08:57:41] 
INFO [2018-08-22 08:57:41] $cex
INFO [2018-08-22 08:57:41] [1] 4
INFO [2018-08-22 08:57:41] 
INFO [2018-08-22 08:57:41] $scaled
INFO [2018-08-22 08:57:41] [1] 0
INFO [2018-08-22 08:57:41] 
INFO [2018-08-22 08:57:41] $cat.cex
INFO [2018-08-22 08:57:41] [1] 0
INFO [2018-08-22 08:57:41] 
INFO [2018-08-22 08:57:41] $cat.pos
INFO [2018-08-22 08:57:41] [1] 0
INFO [2018-08-22 08:57:41] 
